<?xml version="1.0" encoding="UTF-8"?>
<!-- Generated by org.testng.reporters.JUnitReportReporter -->
<testsuite hostname="Shalu" failures="0" tests="11" name="com.qa.opencart.tests.AccountsPageTest" time="55.459" errors="0" timestamp="2023-09-30T14:50:57 IST" skipped="0">
  <testcase classname="com.qa.opencart.tests.AccountsPageTest" name="searchTest" time="8.425"/>
  <testcase classname="com.qa.opencart.tests.AccountsPageTest" name="accPageTitleTest" time="0.035"/>
  <testcase classname="com.qa.opencart.tests.AccountsPageTest" name="selectProductTest" time="8.320"/>
  <testcase classname="com.qa.opencart.tests.AccountsPageTest" name="logoutLinkTest" time="1.278"/>
  <testcase classname="com.qa.opencart.tests.AccountsPageTest" name="accPageSectionsTest" time="0.175"/>
  <testcase classname="com.qa.opencart.tests.AccountsPageTest" name="accPageURL" time="0.044"/>
  <testcase classname="com.qa.opencart.tests.AccountsPageTest" name="selectProductTest" time="7.392"/>
  <testcase classname="com.qa.opencart.tests.AccountsPageTest" name="searchTest" time="6.360"/>
  <testcase classname="com.qa.opencart.tests.AccountsPageTest" name="selectProductTest" time="7.903"/>
  <testcase classname="com.qa.opencart.tests.AccountsPageTest" name="selectProductTest" time="9.848"/>
  <testcase classname="com.qa.opencart.tests.AccountsPageTest" name="searchTest" time="5.679"/>
</testsuite> <!-- com.qa.opencart.tests.AccountsPageTest -->
