<?xml version="1.0" encoding="UTF-8"?>
<!-- Generated by org.testng.reporters.JUnitReportReporter -->
<testsuite hostname="Shalu" failures="0" tests="5" name="com.qa.opencart.tests.ProductInfoTest" time="32.718" errors="0" timestamp="2023-10-02T15:50:25 IST" skipped="0">
  <testcase classname="com.qa.opencart.tests.ProductInfoTest" name="productDataTest" time="9.359"/>
  <testcase classname="com.qa.opencart.tests.ProductInfoTest" name="productHeaderTest" time="7.099"/>
  <testcase classname="com.qa.opencart.tests.ProductInfoTest" name="productImagesCountTest" time="5.482"/>
  <testcase classname="com.qa.opencart.tests.ProductInfoTest" name="productImagesCountTest" time="5.516"/>
  <testcase classname="com.qa.opencart.tests.ProductInfoTest" name="productImagesCountTest" time="5.262"/>
</testsuite> <!-- com.qa.opencart.tests.ProductInfoTest -->
