<?xml version="1.0" encoding="UTF-8"?>
<!-- Generated by org.testng.reporters.JUnitReportReporter -->
<testsuite hostname="Shalu" failures="0" tests="5" name="com.qa.opencart.tests.ProductInfoTest" time="36.532" errors="0" timestamp="2023-10-01T20:18:07 IST" skipped="0">
  <testcase classname="com.qa.opencart.tests.ProductInfoTest" name="productDataTest" time="8.443"/>
  <testcase classname="com.qa.opencart.tests.ProductInfoTest" name="productHeaderTest" time="8.179"/>
  <testcase classname="com.qa.opencart.tests.ProductInfoTest" name="productImagesCountTest" time="7.578"/>
  <testcase classname="com.qa.opencart.tests.ProductInfoTest" name="productImagesCountTest" time="5.981"/>
  <testcase classname="com.qa.opencart.tests.ProductInfoTest" name="productImagesCountTest" time="6.351"/>
</testsuite> <!-- com.qa.opencart.tests.ProductInfoTest -->
