<?xml version="1.0" encoding="UTF-8"?>
<!-- Generated by org.testng.reporters.JUnitReportReporter -->
<testsuite hostname="Shalu" failures="0" tests="4" name="com.qa.opencart.tests.LoginPageTest" time="9.428" errors="0" timestamp="2023-10-02T15:50:25 IST" skipped="0">
  <testcase classname="com.qa.opencart.tests.LoginPageTest" name="loginPageURLTest" time="0.019"/>
  <testcase classname="com.qa.opencart.tests.LoginPageTest" name="ForgotPwdTest" time="1.395"/>
  <testcase classname="com.qa.opencart.tests.LoginPageTest" name="loginPageTitleTest" time="0.034"/>
  <testcase classname="com.qa.opencart.tests.LoginPageTest" name="loginTest" time="7.980"/>
</testsuite> <!-- com.qa.opencart.tests.LoginPageTest -->
