<?xml version="1.0" encoding="UTF-8"?>
<!-- Generated by org.testng.reporters.JUnitReportReporter -->
<testsuite hostname="Shalu" failures="0" tests="5" name="com.qa.opencart.tests.ProductInfoTest" time="35.382" errors="0" timestamp="2023-10-01T17:02:40 IST" skipped="0">
  <testcase classname="com.qa.opencart.tests.ProductInfoTest" name="productImagesCountTest" time="6.416"/>
  <testcase classname="com.qa.opencart.tests.ProductInfoTest" name="productImagesCountTest" time="6.346"/>
  <testcase classname="com.qa.opencart.tests.ProductInfoTest" name="productImagesCountTest" time="6.336"/>
  <testcase classname="com.qa.opencart.tests.ProductInfoTest" name="productHeaderTest" time="6.933"/>
  <testcase classname="com.qa.opencart.tests.ProductInfoTest" name="productDataTest" time="9.351"/>
</testsuite> <!-- com.qa.opencart.tests.ProductInfoTest -->
